<?xml version="1.0" encoding="UTF-8"?>
<!-- Generated by org.testng.reporters.JUnitReportReporter -->
<testsuite skipped="0" hostname="Rama" name="org.DemoPageSample.DemoPage" tests="2" failures="0" timestamp="17 Oct 2024 03:36:32 GMT" time="6.630" errors="0">
  <testcase name="signUp" time="2.236" classname="org.DemoPageSample.DemoPage"/>
  <testcase name="login" time="4.394" classname="org.DemoPageSample.DemoPage"/>
</testsuite> <!-- org.DemoPageSample.DemoPage -->
